e:\tools\vcpkg\buildtrees\libtheora\win32\vs2010\libtheora\x64\release\decinfo.obj
e:\tools\vcpkg\buildtrees\libtheora\win32\vs2010\libtheora\x64\release\decapiwrapper.obj
e:\tools\vcpkg\buildtrees\libtheora\win32\vs2010\libtheora\x64\release\bitpack.obj
e:\tools\vcpkg\buildtrees\libtheora\win32\vs2010\libtheora\x64\release\apiwrapper.obj
e:\tools\vcpkg\buildtrees\libtheora\win32\vs2010\libtheora\x64\release\x86enc.obj
e:\tools\vcpkg\buildtrees\libtheora\win32\vs2010\libtheora\x64\release\x86cpu.obj
e:\tools\vcpkg\buildtrees\libtheora\win32\vs2010\libtheora\x64\release\mmxfdct.obj
e:\tools\vcpkg\buildtrees\libtheora\win32\vs2010\libtheora\x64\release\mmxencfrag.obj
e:\tools\vcpkg\buildtrees\libtheora\win32\vs2010\libtheora\x64\release\tokenize.obj
e:\tools\vcpkg\buildtrees\libtheora\win32\vs2010\libtheora\x64\release\rate.obj
e:\tools\vcpkg\buildtrees\libtheora\win32\vs2010\libtheora\x64\release\mcenc.obj
e:\tools\vcpkg\buildtrees\libtheora\win32\vs2010\libtheora\x64\release\mathops.obj
e:\tools\vcpkg\buildtrees\libtheora\win32\vs2010\libtheora\x64\release\huffenc.obj
e:\tools\vcpkg\buildtrees\libtheora\win32\vs2010\libtheora\x64\release\fdct.obj
e:\tools\vcpkg\buildtrees\libtheora\win32\vs2010\libtheora\x64\release\enquant.obj
e:\tools\vcpkg\buildtrees\libtheora\win32\vs2010\libtheora\x64\release\encode.obj
e:\tools\vcpkg\buildtrees\libtheora\win32\vs2010\libtheora\x64\release\encinfo.obj
e:\tools\vcpkg\buildtrees\libtheora\win32\vs2010\libtheora\x64\release\encfrag.obj
e:\tools\vcpkg\buildtrees\libtheora\win32\vs2010\libtheora\x64\release\encapiwrapper.obj
e:\tools\vcpkg\buildtrees\libtheora\win32\vs2010\libtheora\x64\release\analyze.obj
e:\tools\vcpkg\buildtrees\libtheora\win32\vs2010\libtheora\x64\release\x86state.obj
e:\tools\vcpkg\buildtrees\libtheora\win32\vs2010\libtheora\x64\release\mmxstate.obj
e:\tools\vcpkg\buildtrees\libtheora\win32\vs2010\libtheora\x64\release\mmxidct.obj
e:\tools\vcpkg\buildtrees\libtheora\win32\vs2010\libtheora\x64\release\mmxfrag.obj
e:\tools\vcpkg\buildtrees\libtheora\win32\vs2010\libtheora\x64\release\state.obj
e:\tools\vcpkg\buildtrees\libtheora\win32\vs2010\libtheora\x64\release\internal.obj
e:\tools\vcpkg\buildtrees\libtheora\win32\vs2010\libtheora\x64\release\info.obj
e:\tools\vcpkg\buildtrees\libtheora\win32\vs2010\libtheora\x64\release\huffdec.obj
e:\tools\vcpkg\buildtrees\libtheora\win32\vs2010\libtheora\x64\release\fragment.obj
e:\tools\vcpkg\buildtrees\libtheora\win32\vs2010\libtheora\x64\release\dequant.obj
e:\tools\vcpkg\buildtrees\libtheora\win32\vs2010\libtheora\x64\release\decode1.obj
e:\tools\vcpkg\buildtrees\libtheora\win32\vs2010\libtheora\x64\release\idct1.obj
e:\tools\vcpkg\buildtrees\libtheora\win32\vs2010\libtheora\x64\release\quant1.obj
e:\tools\vcpkg\buildtrees\libtheora\win32\vs2010\x64\release\libtheora_static.lib
e:\tools\vcpkg\buildtrees\libtheora\win32\vs2010\libtheora\x64\release\vcpkg.applocal.log
e:\tools\vcpkg\buildtrees\libtheora\win32\vs2010\libtheora\x64\release\libtheora_static.tlog\cl.command.1.tlog
e:\tools\vcpkg\buildtrees\libtheora\win32\vs2010\libtheora\x64\release\libtheora_static.tlog\cl.read.1.tlog
e:\tools\vcpkg\buildtrees\libtheora\win32\vs2010\libtheora\x64\release\libtheora_static.tlog\cl.write.1.tlog
e:\tools\vcpkg\buildtrees\libtheora\win32\vs2010\libtheora\x64\release\libtheora_static.tlog\lib-link.read.1.tlog
e:\tools\vcpkg\buildtrees\libtheora\win32\vs2010\libtheora\x64\release\libtheora_static.tlog\lib-link.write.1.tlog
e:\tools\vcpkg\buildtrees\libtheora\win32\vs2010\libtheora\x64\release\libtheora_static.tlog\lib.command.1.tlog
e:\tools\vcpkg\buildtrees\libtheora\win32\vs2010\libtheora\x64\release\libtheora_static.tlog\libtheora_static.write.1u.tlog
